<?xml version="1.0" encoding="UTF-8"?>
<!-- Generated by org.testng.reporters.JUnitReportReporter -->
<testsuite hostname="DESKTOP-LNNSAFH" failures="0" tests="1" name="tests.ReserveBooking" time="28.582" errors="0" timestamp="2021-12-09T22:03:15 IST" skipped="0">
  <testcase classname="tests.ReserveBooking" name="VerifyBookFlight" time="28.582"/>
  <system-out/>
</testsuite> <!-- tests.ReserveBooking -->
